Determining if the pthread_create exist failed with the following output:
Change Dir: /home/rafael/Documentos/tcc_fp/pfp-growth/cmake-build-debug/CMakeFiles/CMakeTmp

Run Build Command:"/usr/bin/make" "cmTC_102ed/fast"
make[1]: Entering directory '/home/rafael/Documentos/tcc_fp/pfp-growth/cmake-build-debug/CMakeFiles/CMakeTmp'
/usr/bin/make -f CMakeFiles/cmTC_102ed.dir/build.make CMakeFiles/cmTC_102ed.dir/build
make[2]: Entering directory '/home/rafael/Documentos/tcc_fp/pfp-growth/cmake-build-debug/CMakeFiles/CMakeTmp'
Building CXX object CMakeFiles/cmTC_102ed.dir/CheckSymbolExists.cxx.o
/usr/bin/g++-7     -o CMakeFiles/cmTC_102ed.dir/CheckSymbolExists.cxx.o -c /home/rafael/Documentos/tcc_fp/pfp-growth/cmake-build-debug/CMakeFiles/CMakeTmp/CheckSymbolExists.cxx
Linking CXX executable cmTC_102ed
/opt/clion-2018.1.1/bin/cmake/bin/cmake -E cmake_link_script CMakeFiles/cmTC_102ed.dir/link.txt --verbose=1
/usr/bin/g++-7       CMakeFiles/cmTC_102ed.dir/CheckSymbolExists.cxx.o  -o cmTC_102ed 
/usr/bin/ld: CMakeFiles/cmTC_102ed.dir/CheckSymbolExists.cxx.o: na função "main":
CheckSymbolExists.cxx:(.text+0x1b): referência não definida para "pthread_create"
collect2: error: ld returned 1 exit status
make[2]: *** [CMakeFiles/cmTC_102ed.dir/build.make:98: cmTC_102ed] Error 1
make[2]: Leaving directory '/home/rafael/Documentos/tcc_fp/pfp-growth/cmake-build-debug/CMakeFiles/CMakeTmp'
make[1]: *** [Makefile:126: cmTC_102ed/fast] Error 2
make[1]: Leaving directory '/home/rafael/Documentos/tcc_fp/pfp-growth/cmake-build-debug/CMakeFiles/CMakeTmp'

File /home/rafael/Documentos/tcc_fp/pfp-growth/cmake-build-debug/CMakeFiles/CMakeTmp/CheckSymbolExists.cxx:
/* */
#include <pthread.h>

int main(int argc, char** argv)
{
  (void)argv;
#ifndef pthread_create
  return ((int*)(&pthread_create))[argc];
#else
  (void)argc;
  return 0;
#endif
}

Determining if the function pthread_create exists in the pthreads failed with the following output:
Change Dir: /home/rafael/Documentos/tcc_fp/pfp-growth/cmake-build-debug/CMakeFiles/CMakeTmp

Run Build Command:"/usr/bin/make" "cmTC_8f4f0/fast"
make[1]: Entering directory '/home/rafael/Documentos/tcc_fp/pfp-growth/cmake-build-debug/CMakeFiles/CMakeTmp'
/usr/bin/make -f CMakeFiles/cmTC_8f4f0.dir/build.make CMakeFiles/cmTC_8f4f0.dir/build
make[2]: Entering directory '/home/rafael/Documentos/tcc_fp/pfp-growth/cmake-build-debug/CMakeFiles/CMakeTmp'
Building CXX object CMakeFiles/cmTC_8f4f0.dir/CheckFunctionExists.cxx.o
/usr/bin/g++-7    -DCHECK_FUNCTION_EXISTS=pthread_create   -o CMakeFiles/cmTC_8f4f0.dir/CheckFunctionExists.cxx.o -c /home/rafael/Documentos/tcc_fp/pfp-growth/cmake-build-debug/CMakeFiles/CheckLibraryExists/CheckFunctionExists.cxx
Linking CXX executable cmTC_8f4f0
/opt/clion-2018.1.1/bin/cmake/bin/cmake -E cmake_link_script CMakeFiles/cmTC_8f4f0.dir/link.txt --verbose=1
/usr/bin/g++-7   -DCHECK_FUNCTION_EXISTS=pthread_create    CMakeFiles/cmTC_8f4f0.dir/CheckFunctionExists.cxx.o  -o cmTC_8f4f0 -lpthreads 
/usr/bin/ld: não foi possível localizar -lpthreads
collect2: error: ld returned 1 exit status
make[2]: *** [CMakeFiles/cmTC_8f4f0.dir/build.make:98: cmTC_8f4f0] Error 1
make[2]: Leaving directory '/home/rafael/Documentos/tcc_fp/pfp-growth/cmake-build-debug/CMakeFiles/CMakeTmp'
make[1]: *** [Makefile:126: cmTC_8f4f0/fast] Error 2
make[1]: Leaving directory '/home/rafael/Documentos/tcc_fp/pfp-growth/cmake-build-debug/CMakeFiles/CMakeTmp'


